<?xml version="1.0" encoding="UTF-8"?>
<!-- Generated by org.testng.reporters.JUnitReportReporter -->
<testsuite skipped="0" hostname="DESKTOP-FL062FU" name="workingWithElements.Frames" tests="1" failures="0" timestamp="04 Jun 2020 01:52:39 GMT" time="0.692" errors="0">
  <testcase name="SwitchToFrameWithNameOrId" time="0.692" classname="workingWithElements.Frames"/>
</testsuite> <!-- workingWithElements.Frames -->
