<?xml version="1.0" encoding="UTF-8"?>
<!-- Generated by org.testng.reporters.JUnitReportReporter -->
<testsuite skipped="0" hostname="DESKTOP-FL062FU" name="findindElements.TestBrowserCommands" tests="1" failures="0" timestamp="27 May 2020 10:55:07 GMT" time="3.734" errors="0">
  <testcase name="findallurlsXpath" time="3.734" classname="findindElements.TestBrowserCommands"/>
</testsuite> <!-- findindElements.TestBrowserCommands -->
