<?xml version="1.0" encoding="UTF-8"?>
<!-- Generated by org.testng.reporters.JUnitReportReporter -->
<testsuite skipped="4" hostname="DESKTOP-FL062FU" name="workingWithElements.Task" tests="5" failures="0" timestamp="05 Jun 2020 23:38:12 GMT" time="0.332" errors="0">
  <testcase name="EmptyEmail" time="0.332" classname="workingWithElements.Task"/>
  <testcase name="MailValidations" classname="workingWithElements.Task">
    <skipped/>
  </testcase> <!-- MailValidations -->
  <testcase name="CheckINValidCredentials" classname="workingWithElements.Task">
    <skipped/>
  </testcase> <!-- CheckINValidCredentials -->
  <testcase name="CheckValidCredentials" classname="workingWithElements.Task">
    <skipped/>
  </testcase> <!-- CheckValidCredentials -->
  <testcase name="EmptyPassword" classname="workingWithElements.Task">
    <skipped/>
  </testcase> <!-- EmptyPassword -->
</testsuite> <!-- workingWithElements.Task -->
