<?xml version="1.0" encoding="UTF-8"?>
<!-- Generated by org.testng.reporters.JUnitReportReporter -->
<testsuite skipped="2" hostname="DESKTOP-FL062FU" name="workingWithElements.Alerts" tests="3" failures="0" timestamp="28 May 2020 21:14:44 GMT" time="2.146" errors="0">
  <testcase name="ConfirmPrompotAltet" time="2.146" classname="workingWithElements.Alerts"/>
  <testcase name="PrompotAlter" classname="workingWithElements.Alerts">
    <skipped/>
  </testcase> <!-- PrompotAlter -->
  <testcase name="AlertTest" classname="workingWithElements.Alerts">
    <skipped/>
  </testcase> <!-- AlertTest -->
</testsuite> <!-- workingWithElements.Alerts -->
