<?xml version="1.0" encoding="UTF-8"?>
<!-- Generated by org.testng.reporters.JUnitReportReporter -->
<testsuite skipped="0" hostname="DESKTOP-FL062FU" name="findindElements.FindElementsS" tests="1" failures="0" timestamp="27 May 2020 10:13:14 GMT" time="0.791" errors="0">
  <testcase name="findallurls" time="0.791" classname="findindElements.FindElementsS"/>
</testsuite> <!-- findindElements.FindElementsS -->
