<?xml version="1.0" encoding="UTF-8"?>
<!-- Generated by org.testng.reporters.JUnitReportReporter -->
<testsuite skipped="0" hostname="DESKTOP-FL062FU" name="workingWithElements.DoubleClickAction" tests="1" failures="0" timestamp="28 May 2020 19:58:57 GMT" time="0.217" errors="0">
  <testcase name="DoubleClick" time="0.217" classname="workingWithElements.DoubleClickAction"/>
</testsuite> <!-- workingWithElements.DoubleClickAction -->
