<?xml version="1.0" encoding="UTF-8"?>
<!-- Generated by org.testng.reporters.JUnitReportReporter -->
<testsuite skipped="0" hostname="DESKTOP-FL062FU" name="workingWithElements.ExplicitWaitSyncronizing" tests="1" failures="0" timestamp="29 May 2020 23:08:04 GMT" time="2.820" errors="0">
  <testcase name="ExplicitWait" time="2.820" classname="workingWithElements.ExplicitWaitSyncronizing"/>
</testsuite> <!-- workingWithElements.ExplicitWaitSyncronizing -->
