<?xml version="1.0" encoding="UTF-8"?>
<!-- Generated by org.testng.reporters.JUnitReportReporter -->
<testsuite skipped="0" hostname="DESKTOP-FL062FU" name="workingWithElements.CheckAllBrokenLinks" tests="1" failures="0" timestamp="01 Jun 2020 03:02:05 GMT" time="32.430" errors="0">
  <testcase name="TestBrokenLinks" time="32.430" classname="workingWithElements.CheckAllBrokenLinks"/>
</testsuite> <!-- workingWithElements.CheckAllBrokenLinks -->
