<?xml version="1.0" encoding="UTF-8"?>
<!-- Generated by org.testng.reporters.JUnitReportReporter -->
<testsuite skipped="0" hostname="DESKTOP-FL062FU" name="workingWithElements.HTML5Canvas" tests="1" failures="0" timestamp="03 Jun 2020 04:01:47 GMT" time="3.436" errors="0">
  <testcase name="CanvasTest" time="3.436" classname="workingWithElements.HTML5Canvas"/>
</testsuite> <!-- workingWithElements.HTML5Canvas -->
