<?xml version="1.0" encoding="UTF-8"?>
<!-- Generated by org.testng.reporters.JUnitReportReporter -->
<testsuite skipped="0" hostname="DESKTOP-FL062FU" name="workingWithElements.DownloadWzChrome" tests="1" failures="0" timestamp="03 Jun 2020 02:43:51 GMT" time="2.325" errors="0">
  <testcase name="DownloadFileWithChrome" time="2.325" classname="workingWithElements.DownloadWzChrome"/>
</testsuite> <!-- workingWithElements.DownloadWzChrome -->
