<?xml version="1.0" encoding="UTF-8"?>
<!-- Generated by org.testng.reporters.JUnitReportReporter -->
<testsuite skipped="0" hostname="DESKTOP-FL062FU" name="findindElements.FindiingElementsbyLinks" tests="2" failures="0" timestamp="27 May 2020 10:23:28 GMT" time="0.180" errors="0">
  <testcase name="findlinksPartial" time="0.064" classname="findindElements.FindiingElementsbyLinks"/>
  <testcase name="findlinks" time="0.116" classname="findindElements.FindiingElementsbyLinks"/>
</testsuite> <!-- findindElements.FindiingElementsbyLinks -->
