<?xml version="1.0" encoding="UTF-8"?>
<!-- Generated by org.testng.reporters.JUnitReportReporter -->
<testsuite skipped="0" hostname="DESKTOP-FL062FU" name="workingWithElements.ContextMenu" tests="1" failures="0" timestamp="04 Jun 2020 02:31:49 GMT" time="1.506" errors="0">
  <testcase name="TestScrollJavaScript" time="1.506" classname="workingWithElements.ContextMenu"/>
</testsuite> <!-- workingWithElements.ContextMenu -->
