<?xml version="1.0" encoding="UTF-8"?>
<!-- Generated by org.testng.reporters.JUnitReportReporter -->
<testsuite skipped="0" hostname="DESKTOP-FL062FU" name="workingWithElements.DataTables" tests="1" failures="0" timestamp="27 May 2020 19:40:35 GMT" time="0.556" errors="0">
  <testcase name="TestDropDownList" time="0.556" classname="workingWithElements.DataTables"/>
</testsuite> <!-- workingWithElements.DataTables -->
