<?xml version="1.0" encoding="UTF-8"?>
<!-- Generated by org.testng.reporters.JUnitReportReporter -->
<testsuite skipped="0" hostname="DESKTOP-FL062FU" name="workingWithElements.JavaScriptCode" tests="1" failures="0" timestamp="04 Jun 2020 02:08:00 GMT" time="0.405" errors="0">
  <testcase name="TestJavaScript" time="0.405" classname="workingWithElements.JavaScriptCode"/>
</testsuite> <!-- workingWithElements.JavaScriptCode -->
