<?xml version="1.0" encoding="UTF-8"?>
<!-- Generated by org.testng.reporters.JUnitReportReporter -->
<testsuite skipped="0" hostname="DESKTOP-FL062FU" name="workingWithElements.DownloadWzFireFox" tests="1" failures="0" timestamp="03 Jun 2020 02:38:18 GMT" time="7.284" errors="0">
  <testcase name="DownloadWzFireFox" time="7.284" classname="workingWithElements.DownloadWzFireFox"/>
</testsuite> <!-- workingWithElements.DownloadWzFireFox -->
