<?xml version="1.0" encoding="UTF-8"?>
<!-- Generated by org.testng.reporters.JUnitReportReporter -->
<testsuite skipped="0" hostname="DESKTOP-FL062FU" name="workingWithElements.DropDownList" tests="1" failures="0" timestamp="05 Jun 2020 23:49:48 GMT" time="0.363" errors="0">
  <testcase name="TestDropDownList" time="0.363" classname="workingWithElements.DropDownList"/>
</testsuite> <!-- workingWithElements.DropDownList -->
