<?xml version="1.0" encoding="UTF-8"?>
<!-- Generated by org.testng.reporters.JUnitReportReporter -->
<testsuite skipped="0" hostname="DESKTOP-FL062FU" name="findindElements.FindElementByXPath" tests="1" failures="0" timestamp="27 May 2020 10:42:56 GMT" time="0.100" errors="0">
  <testcase name="findallurlsXpath" time="0.100" classname="findindElements.FindElementByXPath"/>
</testsuite> <!-- findindElements.FindElementByXPath -->
