<?xml version="1.0" encoding="UTF-8"?>
<!-- Generated by org.testng.reporters.JUnitReportReporter -->
<testsuite skipped="1" hostname="DESKTOP-FL062FU" name="workingWithElements.MultipleWindows" tests="2" failures="0" timestamp="29 May 2020 20:18:16 GMT" time="2.574" errors="0">
  <testcase name="TestWindowsUsingName" time="2.574" classname="workingWithElements.MultipleWindows"/>
  <testcase name="TestWindowsUsingTiTle" classname="workingWithElements.MultipleWindows">
    <skipped/>
  </testcase> <!-- TestWindowsUsingTiTle -->
</testsuite> <!-- workingWithElements.MultipleWindows -->
