<?xml version="1.0" encoding="UTF-8"?>
<!-- Generated by org.testng.reporters.JUnitReportReporter -->
<testsuite skipped="0" hostname="DESKTOP-FL062FU" name="workingWithElements.TextBoxandButtons" tests="1" failures="0" timestamp="27 May 2020 12:38:38 GMT" time="1.320" errors="0">
  <testcase name="findallurlsXpath" time="1.320" classname="workingWithElements.TextBoxandButtons"/>
</testsuite> <!-- workingWithElements.TextBoxandButtons -->
