<?xml version="1.0" encoding="UTF-8"?>
<!-- Generated by org.testng.reporters.JUnitReportReporter -->
<testsuite skipped="0" hostname="DESKTOP-FL062FU" name="workingWithElements.DragAndDropActions" tests="1" failures="0" timestamp="28 May 2020 20:17:04 GMT" time="1.135" errors="0">
  <testcase name="DragAndDrop" time="1.135" classname="workingWithElements.DragAndDropActions"/>
</testsuite> <!-- workingWithElements.DragAndDropActions -->
