<?xml version="1.0" encoding="UTF-8"?>
<!-- Generated by org.testng.reporters.JUnitReportReporter -->
<testsuite skipped="0" hostname="DESKTOP-FL062FU" name="workingWithElements.Cookies" tests="1" failures="0" timestamp="29 May 2020 21:16:12 GMT" time="2.881" errors="0">
  <testcase name="ChangeLangugeCookiees" time="2.881" classname="workingWithElements.Cookies"/>
</testsuite> <!-- workingWithElements.Cookies -->
