<?xml version="1.0" encoding="UTF-8"?>
<!-- Generated by org.testng.reporters.JUnitReportReporter -->
<testsuite skipped="0" hostname="DESKTOP-FL062FU" name="workingWithElements.ImplicitWaitSyncronizing" tests="1" failures="0" timestamp="29 May 2020 22:42:24 GMT" time="6.783" errors="0">
  <testcase name="ImplicitWait" time="6.783" classname="workingWithElements.ImplicitWaitSyncronizing"/>
</testsuite> <!-- workingWithElements.ImplicitWaitSyncronizing -->
