<?xml version="1.0" encoding="UTF-8"?>
<!-- Generated by org.testng.reporters.JUnitReportReporter -->
<testsuite skipped="5" hostname="DESKTOP-FL062FU" name="findindElements.FindElemetsByID" tests="6" failures="0" timestamp="26 May 2020 21:50:39 GMT" time="0.053" errors="0">
  <testcase name="FindElementInTablebyCSSSelector" time="0.053" classname="findindElements.FindElemetsByID"/>
  <testcase name="FindElementbyTagName" classname="findindElements.FindElemetsByID">
    <skipped/>
  </testcase> <!-- FindElementbyTagName -->
  <testcase name="FindElementbyName" classname="findindElements.FindElemetsByID">
    <skipped/>
  </testcase> <!-- FindElementbyName -->
  <testcase name="FindElementyID" classname="findindElements.FindElemetsByID">
    <skipped/>
  </testcase> <!-- FindElementyID -->
  <testcase name="FindElementInTablebyTagName" classname="findindElements.FindElemetsByID">
    <skipped/>
  </testcase> <!-- FindElementInTablebyTagName -->
  <testcase name="FindElementbyClassName" classname="findindElements.FindElemetsByID">
    <skipped/>
  </testcase> <!-- FindElementbyClassName -->
</testsuite> <!-- findindElements.FindElemetsByID -->
